[2022-11-13T23:57:06.643] [WARN] custom - Socket On
[2022-11-13T23:57:27.712] [WARN] custom - Socket On
[2022-11-13T23:57:37.722] [WARN] custom - Socket On
[2022-11-13T23:57:43.714] [WARN] custom - Socket On
[2022-11-13T23:57:47.714] [WARN] custom - Socket On
[2022-11-13T23:57:52.713] [WARN] custom - Socket On
[2022-11-13T23:57:57.708] [WARN] custom - Socket On
[2022-11-13T23:58:04.722] [WARN] custom - Socket On
[2022-11-13T23:58:07.966] [WARN] custom - Socket On
[2022-11-13T23:58:11.716] [WARN] custom - Socket On
[2022-11-13T23:58:20.503] [WARN] custom - Socket On
[2022-11-13T23:58:27.722] [WARN] custom - Socket On
[2022-11-13T23:58:29.738] [WARN] custom - Socket On
[2022-11-13T23:58:44.708] [WARN] custom - Socket On
[2022-11-13T23:58:51.711] [WARN] custom - Socket On
[2022-11-13T23:58:54.726] [WARN] custom - Socket On
[2022-11-13T23:58:57.986] [WARN] custom - Socket On
[2022-11-13T23:59:01.714] [WARN] custom - Socket On
[2022-11-13T23:59:04.714] [WARN] custom - Socket On
[2022-11-13T23:59:13.711] [WARN] custom - Socket On
[2022-11-13T23:59:21.720] [WARN] custom - Socket On
[2022-11-13T23:59:26.722] [WARN] custom - Socket On
[2022-11-13T23:59:28.720] [WARN] custom - Socket On
[2022-11-13T23:59:34.720] [WARN] custom - Socket On
[2022-11-13T23:59:36.711] [WARN] custom - Socket On
[2022-11-13T23:59:38.725] [WARN] custom - Socket On
[2022-11-13T23:59:40.728] [WARN] custom - Socket On
[2022-11-13T23:59:45.709] [WARN] custom - Socket On
[2022-11-13T23:59:50.974] [WARN] custom - Socket On
[2022-11-13T23:59:52.715] [WARN] custom - Socket On
[2022-11-14T00:00:16.716] [WARN] custom - Socket On
[2022-11-14T00:00:23.710] [WARN] custom - Socket On
[2022-11-14T00:00:26.971] [WARN] custom - Socket On
[2022-11-14T00:00:29.715] [WARN] custom - Socket On
[2022-11-14T00:00:52.236] [WARN] custom - Socket On
[2022-11-14T00:02:55.222] [ERROR] custom - Invalid Password
[2022-11-14T16:37:07.826] [WARN] custom - Socket On
[2022-11-14T16:38:15.179] [WARN] custom - Socket On
[2022-11-14T16:38:18.783] [WARN] custom - Socket On
[2022-11-14T16:38:30.200] [WARN] custom - Socket On
[2022-11-14T16:38:38.179] [WARN] custom - Socket On
[2022-11-14T16:41:04.979] [WARN] custom - Socket On
[2022-11-14T16:49:50.204] [WARN] custom - Socket On
[2022-11-14T16:50:16.424] [WARN] custom - Socket On
[2022-11-14T16:53:55.180] [WARN] custom - Socket On
[2022-11-14T16:53:55.185] [WARN] custom - Socket On
[2022-11-14T16:53:58.182] [WARN] custom - Socket On
[2022-11-14T16:53:58.188] [WARN] custom - Socket On
[2022-11-17T19:16:07.363] [WARN] custom - Socket On
[2022-11-17T19:16:12.425] [WARN] custom - Socket On
[2022-11-17T19:17:17.256] [WARN] custom - Socket On
[2022-11-17T19:17:19.729] [WARN] custom - Socket On
[2022-11-17T19:17:23.068] [WARN] custom - Socket On
[2022-11-17T19:18:36.924] [WARN] custom - Socket On
[2022-11-17T19:18:41.618] [WARN] custom - Socket On
[2022-11-17T19:18:44.826] [WARN] custom - Socket On
[2022-11-17T19:21:33.450] [WARN] custom - Socket On
[2022-11-17T19:21:40.824] [WARN] custom - Socket On
[2022-11-17T19:21:44.352] [WARN] custom - Socket On
[2022-11-17T20:52:32.455] [WARN] custom - Socket On
[2022-11-17T20:52:36.845] [WARN] custom - 24
[2022-11-17T20:52:36.845] [ERROR] custom - 24
[2022-11-17T20:55:41.360] [WARN] custom - Socket On
[2022-11-17T20:56:02.919] [WARN] custom - Socket On
[2022-11-17T20:57:42.581] [WARN] custom - Socket On
[2022-11-17T21:03:25.913] [WARN] custom - Socket On
[2022-11-17T21:03:35.440] [WARN] custom - Socket On
[2022-11-17T21:04:07.918] [WARN] custom - Socket On
[2022-11-17T21:04:13.924] [WARN] custom - Socket On
[2022-11-17T21:04:48.681] [WARN] custom - Socket On
[2022-11-17T21:05:00.740] [WARN] custom - Socket On
[2022-11-17T21:14:10.912] [WARN] custom - Socket On
[2022-11-17T21:15:16.179] [WARN] custom - Socket On
[2022-11-17T21:16:01.911] [WARN] custom - Socket On
[2022-11-17T21:16:05.918] [WARN] custom - Socket On
[2022-11-17T21:16:29.913] [WARN] custom - Socket On
[2022-11-17T21:16:36.533] [WARN] custom - Socket On
[2022-11-17T21:16:47.188] [WARN] custom - Socket On
[2022-11-17T21:16:50.919] [WARN] custom - Socket On
[2022-11-17T21:17:03.204] [WARN] custom - Socket On
[2022-11-17T21:17:46.914] [WARN] custom - Socket On
[2022-11-17T21:17:52.916] [WARN] custom - Socket On
[2022-11-17T21:17:56.912] [WARN] custom - Socket On
[2022-11-17T21:18:05.174] [WARN] custom - Socket On
[2022-11-17T21:20:25.914] [WARN] custom - Socket On
[2022-11-17T21:20:42.942] [WARN] custom - Socket On
[2022-11-17T21:22:06.910] [WARN] custom - Socket On
[2022-11-17T21:23:38.978] [WARN] custom - Socket On
[2022-11-17T21:24:15.466] [WARN] custom - Socket On
[2022-11-17T21:24:21.916] [WARN] custom - Socket On
[2022-11-17T21:24:24.917] [WARN] custom - Socket On
[2022-11-17T21:24:27.930] [WARN] custom - Socket On
[2022-11-17T21:26:05.220] [WARN] custom - Socket On
[2022-11-17T21:26:11.941] [WARN] custom - Socket On
[2022-11-17T21:26:15.928] [WARN] custom - Socket On
[2022-11-17T21:26:20.712] [WARN] custom - Socket On
[2022-11-17T21:29:25.920] [WARN] custom - Socket On
[2022-11-17T21:38:15.545] [WARN] custom - 24
[2022-11-17T21:38:15.545] [ERROR] custom - 24
[2022-11-18T21:38:23.458] [WARN] custom - Socket On
[2022-11-18T21:44:24.352] [WARN] custom - Socket On
[2022-11-18T21:48:06.004] [ERROR] custom - Invalid Password
[2022-11-18T21:48:11.134] [ERROR] custom - User Not Found with username abatedsdsadsa
[2022-11-18T21:52:04.252] [ERROR] custom - User already exists
[2022-11-18T21:52:40.897] [ERROR] custom - User already exists
[2022-11-18T22:11:06.519] [WARN] custom - Socket On
[2022-11-18T22:11:12.208] [WARN] custom - Socket On
[2022-11-18T22:12:30.810] [WARN] custom - Socket On
[2022-11-18T22:12:32.812] [WARN] custom - Socket On
[2022-11-18T22:12:48.808] [WARN] custom - Socket On
[2022-11-18T22:12:54.330] [WARN] custom - Socket On
[2022-11-18T22:12:56.812] [WARN] custom - Socket On
[2022-11-18T22:13:02.803] [WARN] custom - Socket On
[2022-11-18T22:13:08.810] [WARN] custom - Socket On
[2022-11-18T22:13:12.907] [WARN] custom - Socket On
[2022-11-18T22:13:16.825] [WARN] custom - Socket On
[2022-11-18T22:14:23.805] [WARN] custom - Socket On
[2022-11-18T22:14:26.825] [WARN] custom - Socket On
[2022-11-18T22:14:33.813] [WARN] custom - Socket On
[2022-11-18T22:14:39.833] [WARN] custom - Socket On
[2022-11-18T22:14:43.813] [WARN] custom - Socket On
[2022-11-18T22:14:46.819] [WARN] custom - Socket On
[2022-11-18T22:14:48.815] [WARN] custom - Socket On
[2022-11-18T22:15:02.808] [WARN] custom - Socket On
[2022-11-18T22:15:07.081] [WARN] custom - Socket On
[2022-11-18T22:15:20.803] [WARN] custom - Socket On
[2022-11-18T22:15:22.817] [WARN] custom - Socket On
[2022-11-18T22:16:10.682] [WARN] custom - Socket On
[2022-11-18T22:16:15.821] [WARN] custom - Socket On
[2022-11-18T22:16:18.593] [WARN] custom - Socket On
[2022-11-18T22:16:26.801] [WARN] custom - Socket On
[2022-11-18T22:16:28.813] [WARN] custom - Socket On
[2022-11-18T22:16:46.818] [WARN] custom - Socket On
[2022-11-18T22:16:58.814] [WARN] custom - Socket On
[2022-11-18T22:24:52.815] [WARN] custom - Socket On
[2022-11-18T22:27:08.824] [WARN] custom - Socket On
[2022-11-18T22:27:32.803] [WARN] custom - Socket On
[2022-11-18T22:31:15.008] [WARN] custom - Socket On
[2022-11-18T22:31:50.417] [WARN] custom - Socket On
[2022-11-18T22:32:12.083] [WARN] custom - Socket On
[2022-11-18T22:32:17.522] [WARN] custom - Socket On
[2022-11-18T22:33:45.305] [WARN] custom - Socket On
[2022-11-18T22:38:06.792] [WARN] custom - Socket On
[2022-11-18T22:42:24.817] [WARN] custom - Socket On
[2022-11-18T22:42:29.833] [WARN] custom - Socket On
[2022-11-18T22:42:40.022] [WARN] custom - Socket On
[2022-11-18T22:44:52.816] [WARN] custom - Socket On
[2022-11-18T22:44:59.082] [WARN] custom - Socket On
[2022-11-18T22:45:10.815] [WARN] custom - Socket On
[2022-11-18T22:45:13.576] [WARN] custom - Socket On
[2022-11-18T22:45:17.380] [WARN] custom - Socket On
[2022-11-18T22:45:58.819] [WARN] custom - Socket On
[2022-11-18T22:46:07.823] [WARN] custom - Socket On
[2022-11-18T22:46:32.814] [WARN] custom - Socket On
[2022-11-18T22:46:43.079] [WARN] custom - Socket On
[2022-11-18T22:46:48.593] [WARN] custom - Socket On
[2022-11-18T22:47:08.845] [WARN] custom - Socket On
[2022-11-18T22:47:29.874] [WARN] custom - Socket On
[2022-11-18T22:48:37.442] [WARN] custom - Socket On
[2022-11-18T22:48:49.226] [WARN] custom - Socket On
[2022-11-18T22:49:48.124] [WARN] custom - Socket On
[2022-11-18T22:49:50.416] [WARN] custom - Socket On
[2022-11-18T22:51:13.806] [WARN] custom - Socket On
[2022-11-18T22:51:34.814] [WARN] custom - Socket On
[2022-11-18T22:51:36.468] [WARN] custom - Socket On
[2022-11-18T22:51:37.995] [WARN] custom - Socket On
[2022-11-18T22:52:15.810] [WARN] custom - Socket On
[2022-11-18T22:52:19.881] [WARN] custom - Socket On
[2022-11-18T22:52:32.793] [WARN] custom - Socket On
[2022-11-18T22:54:28.814] [WARN] custom - Socket On
[2022-11-18T22:54:32.731] [WARN] custom - Socket On
[2022-11-18T22:54:34.843] [WARN] custom - Socket On
[2022-11-18T22:55:15.814] [WARN] custom - Socket On
[2022-11-18T22:56:20.807] [WARN] custom - Socket On
[2022-11-18T22:57:35.836] [WARN] custom - Socket On
[2022-11-18T22:58:29.815] [WARN] custom - Socket On
[2022-11-18T22:58:33.809] [WARN] custom - Socket On
[2022-11-18T22:58:50.821] [WARN] custom - Socket On
[2022-11-18T22:59:03.412] [WARN] custom - Socket On
[2022-11-18T23:00:48.810] [WARN] custom - Socket On
[2022-11-18T23:00:53.804] [WARN] custom - Socket On
[2022-11-18T23:01:06.808] [WARN] custom - Socket On
[2022-11-18T23:01:11.127] [WARN] custom - Socket On
[2022-11-18T23:01:31.314] [WARN] custom - Socket On
[2022-11-18T23:02:02.151] [WARN] custom - Socket On
[2022-11-18T23:02:03.453] [WARN] custom - Socket On
[2022-11-18T23:03:47.559] [WARN] custom - Socket On
[2022-11-18T23:03:49.455] [WARN] custom - Socket On
[2022-11-18T23:04:35.327] [WARN] custom - Socket On
[2022-11-18T23:04:42.809] [WARN] custom - Socket On
[2022-11-18T23:06:37.072] [WARN] custom - Socket On
[2022-11-18T23:06:38.809] [WARN] custom - Socket On
[2022-11-18T23:06:42.775] [WARN] custom - Socket On
[2022-11-18T23:06:45.783] [WARN] custom - Socket On
[2022-11-18T23:08:00.810] [WARN] custom - Socket On
[2022-11-18T23:09:20.805] [WARN] custom - Socket On
[2022-11-18T23:09:23.812] [WARN] custom - Socket On
[2022-11-18T23:09:29.408] [WARN] custom - Socket On
[2022-11-18T23:10:27.813] [WARN] custom - Socket On
[2022-11-18T23:11:38.106] [WARN] custom - Socket On
[2022-11-18T23:11:43.375] [WARN] custom - Socket On
[2022-11-18T23:11:45.072] [WARN] custom - Socket On
[2022-11-18T23:15:28.094] [WARN] custom - Socket On
[2022-11-19T00:59:44.217] [WARN] custom - Socket On
[2022-11-19T01:03:23.097] [WARN] custom - Socket On
[2022-11-19T01:03:24.624] [WARN] custom - Socket On
[2022-11-19T01:06:26.820] [WARN] custom - Socket On
[2022-11-19T01:06:51.066] [WARN] custom - Socket On
[2022-11-19T01:08:00.074] [WARN] custom - Socket On
[2022-11-19T01:08:11.382] [WARN] custom - Socket On
[2022-11-19T01:09:18.821] [ERROR] custom - User Not Found with username maria
[2022-11-19T01:10:07.820] [WARN] custom - Socket On
[2022-11-19T01:10:19.179] [WARN] custom - Socket On
[2022-11-19T01:11:51.000] [WARN] custom - Socket On
[2022-11-19T01:13:03.965] [WARN] custom - Socket On
[2022-11-19T01:14:14.853] [WARN] custom - Socket On
[2022-11-19T01:14:24.654] [WARN] custom - Socket On
[2022-11-19T01:14:27.430] [WARN] custom - Socket On
[2022-11-19T01:16:21.328] [WARN] custom - Socket On
[2022-11-19T01:17:51.740] [WARN] custom - Socket On
[2022-11-19T01:18:23.000] [WARN] custom - Socket On
[2022-11-19T01:18:33.679] [WARN] custom - Socket On
[2022-11-19T01:19:04.185] [WARN] custom - Socket On
[2022-11-19T01:19:41.707] [WARN] custom - Socket On
[2022-11-19T01:21:01.548] [WARN] custom - Socket On
[2022-11-20T02:41:06.429] [WARN] custom - Socket On
[2022-11-20T02:48:40.716] [WARN] custom - Socket On
[2022-11-20T02:48:46.954] [WARN] custom - Socket On
[2022-11-20T02:48:50.183] [WARN] custom - Socket On
[2022-11-20T02:48:55.192] [WARN] custom - Socket On
[2022-11-20T02:48:58.184] [WARN] custom - Socket On
[2022-11-20T02:49:13.992] [WARN] custom - Socket On
[2022-11-20T02:49:16.186] [WARN] custom - Socket On
[2022-11-20T02:49:19.186] [WARN] custom - Socket On
[2022-11-20T02:49:34.200] [WARN] custom - Socket On
[2022-11-20T02:50:41.190] [WARN] custom - Socket On
[2022-11-20T02:50:46.181] [WARN] custom - Socket On
[2022-11-20T02:50:56.197] [WARN] custom - Socket On
[2022-11-20T02:50:59.194] [WARN] custom - Socket On
[2022-11-20T02:51:03.203] [WARN] custom - Socket On
[2022-11-20T02:51:05.187] [WARN] custom - Socket On
[2022-11-20T02:52:11.183] [WARN] custom - Socket On
[2022-11-20T02:52:43.187] [WARN] custom - Socket On
[2022-11-20T02:52:47.707] [WARN] custom - Socket On
[2022-11-20T02:52:50.200] [WARN] custom - Socket On
[2022-11-20T02:52:53.191] [WARN] custom - Socket On
[2022-11-20T02:52:56.193] [WARN] custom - Socket On
[2022-11-20T02:52:58.185] [WARN] custom - Socket On
[2022-11-20T02:53:02.188] [WARN] custom - Socket On
[2022-11-20T02:53:05.694] [WARN] custom - Socket On
[2022-11-20T02:53:09.484] [WARN] custom - Socket On
[2022-11-20T02:53:13.195] [WARN] custom - Socket On
[2022-11-20T02:53:32.187] [WARN] custom - Socket On
[2022-11-20T02:54:11.442] [WARN] custom - Socket On
[2022-11-20T02:54:19.193] [WARN] custom - Socket On
[2022-11-20T02:54:22.193] [WARN] custom - Socket On
[2022-11-20T02:54:25.694] [WARN] custom - Socket On
[2022-11-20T02:54:28.185] [WARN] custom - Socket On
[2022-11-20T02:54:41.188] [WARN] custom - Socket On
[2022-11-20T02:54:47.191] [WARN] custom - Socket On
[2022-11-20T02:55:11.469] [WARN] custom - Socket On
[2022-11-20T02:55:14.194] [WARN] custom - Socket On
[2022-11-20T02:55:16.453] [WARN] custom - Socket On
[2022-11-20T02:55:20.185] [WARN] custom - Socket On
[2022-11-20T02:55:23.189] [WARN] custom - Socket On
[2022-11-20T02:57:34.195] [WARN] custom - Socket On
[2022-11-20T02:57:39.184] [WARN] custom - Socket On
[2022-11-20T02:57:41.188] [WARN] custom - Socket On
[2022-11-20T02:58:20.184] [WARN] custom - Socket On
[2022-11-20T02:58:22.185] [WARN] custom - Socket On
[2022-11-20T02:58:47.183] [WARN] custom - Socket On
[2022-11-20T02:58:51.193] [WARN] custom - Socket On
[2022-11-20T02:58:59.185] [WARN] custom - Socket On
[2022-11-20T03:04:29.200] [WARN] custom - Socket On
[2022-11-20T03:04:35.185] [WARN] custom - Socket On
[2022-11-20T03:04:54.193] [WARN] custom - Socket On
[2022-11-20T03:04:56.190] [WARN] custom - Socket On
[2022-11-20T03:05:01.196] [WARN] custom - Socket On
[2022-11-20T03:05:23.191] [WARN] custom - Socket On
[2022-11-20T03:05:36.189] [WARN] custom - Socket On
[2022-11-20T03:05:41.185] [WARN] custom - Socket On
[2022-11-20T03:05:44.196] [WARN] custom - Socket On
[2022-11-20T03:05:46.182] [WARN] custom - Socket On
[2022-11-20T03:06:01.188] [WARN] custom - Socket On
[2022-11-20T03:08:05.187] [WARN] custom - Socket On
[2022-11-20T03:08:25.451] [WARN] custom - Socket On
[2022-11-20T03:08:29.471] [WARN] custom - Socket On
[2022-11-20T03:08:48.458] [WARN] custom - Socket On
[2022-11-20T03:08:53.190] [WARN] custom - Socket On
[2022-11-20T03:09:05.505] [WARN] custom - Socket On
[2022-11-20T03:09:11.564] [WARN] custom - Socket On
[2022-11-20T03:10:00.181] [WARN] custom - Socket On
[2022-11-20T03:10:05.185] [WARN] custom - Socket On
[2022-11-20T03:10:07.183] [WARN] custom - Socket On
[2022-11-20T03:10:36.452] [WARN] custom - Socket On
[2022-11-20T03:10:41.370] [WARN] custom - Socket On
[2022-11-20T03:10:48.136] [WARN] custom - Socket On
[2022-11-20T03:10:50.475] [WARN] custom - Socket On
[2022-11-20T03:11:00.733] [WARN] custom - Socket On
[2022-11-20T03:11:02.646] [WARN] custom - Socket On
[2022-11-20T03:12:14.193] [WARN] custom - Socket On
[2022-11-20T03:12:20.307] [WARN] custom - Socket On
[2022-11-20T03:12:25.740] [WARN] custom - Socket On
[2022-11-20T03:12:30.516] [WARN] custom - Socket On
[2022-11-20T03:12:31.409] [WARN] custom - Socket On
[2022-11-20T03:12:32.715] [WARN] custom - Socket On
[2022-11-20T03:12:36.091] [WARN] custom - Socket On
[2022-11-20T03:13:18.187] [WARN] custom - Socket On
[2022-11-20T03:13:23.020] [WARN] custom - Socket On
[2022-11-20T03:13:27.543] [WARN] custom - Socket On
[2022-11-20T03:13:28.913] [WARN] custom - Socket On
[2022-11-20T03:13:30.122] [WARN] custom - Socket On
[2022-11-20T03:13:46.691] [WARN] custom - Socket On
[2022-11-20T03:13:48.248] [WARN] custom - Socket On
[2022-11-20T03:13:48.861] [WARN] custom - Socket On
[2022-11-20T03:13:49.200] [WARN] custom - Socket On
[2022-11-20T03:13:49.536] [WARN] custom - Socket On
[2022-11-20T03:13:49.874] [WARN] custom - Socket On
[2022-11-20T03:13:50.198] [WARN] custom - Socket On
[2022-11-20T03:13:50.538] [WARN] custom - Socket On
[2022-11-20T03:13:50.861] [WARN] custom - Socket On
[2022-11-20T03:13:51.169] [WARN] custom - Socket On
[2022-11-20T03:13:51.520] [WARN] custom - Socket On
[2022-11-20T03:14:36.188] [WARN] custom - Socket On
[2022-11-20T03:14:39.195] [WARN] custom - Socket On
[2022-11-20T03:14:45.189] [WARN] custom - Socket On
[2022-11-20T03:14:49.185] [WARN] custom - Socket On
[2022-11-20T03:14:52.195] [WARN] custom - Socket On
[2022-11-20T03:15:14.185] [WARN] custom - Socket On
[2022-11-20T03:15:15.922] [WARN] custom - Socket On
[2022-11-20T03:15:22.002] [WARN] custom - Socket On
[2022-11-20T03:15:23.225] [WARN] custom - Socket On
[2022-11-20T03:15:24.346] [WARN] custom - Socket On
[2022-11-20T03:15:24.701] [WARN] custom - Socket On
[2022-11-20T03:15:25.031] [WARN] custom - Socket On
[2022-11-20T03:15:25.361] [WARN] custom - Socket On
[2022-11-20T03:15:25.716] [WARN] custom - Socket On
[2022-11-20T03:15:26.092] [WARN] custom - Socket On
[2022-11-20T03:15:26.419] [WARN] custom - Socket On
[2022-11-20T03:15:34.187] [WARN] custom - Socket On
[2022-11-20T03:15:46.947] [WARN] custom - Socket On
[2022-11-20T03:15:48.245] [WARN] custom - Socket On
[2022-11-20T03:15:55.715] [WARN] custom - Socket On
[2022-11-20T03:16:10.206] [WARN] custom - Socket On
[2022-11-20T03:16:14.135] [WARN] custom - Socket On
[2022-11-20T03:16:16.663] [WARN] custom - Socket On
[2022-11-20T03:16:20.232] [WARN] custom - Socket On
[2022-11-20T03:16:21.568] [WARN] custom - Socket On
[2022-11-20T03:16:28.793] [WARN] custom - Socket On
[2022-11-20T03:16:38.193] [WARN] custom - Socket On
[2022-11-20T03:16:40.188] [WARN] custom - Socket On
[2022-11-20T03:16:48.186] [WARN] custom - Socket On
[2022-11-20T03:16:50.184] [WARN] custom - Socket On
[2022-11-20T03:16:54.185] [WARN] custom - Socket On
[2022-11-20T03:17:21.486] [WARN] custom - Socket On
[2022-11-20T03:17:32.193] [WARN] custom - Socket On
[2022-11-20T03:17:43.196] [WARN] custom - Socket On
[2022-11-20T03:18:16.196] [WARN] custom - Socket On
[2022-11-20T03:18:24.306] [WARN] custom - Socket On
[2022-11-20T03:18:37.186] [WARN] custom - Socket On
[2022-11-20T03:18:45.189] [WARN] custom - Socket On
[2022-11-20T03:18:52.181] [WARN] custom - Socket On
[2022-11-20T03:19:05.547] [WARN] custom - Socket On
[2022-11-20T03:19:09.192] [WARN] custom - Socket On
[2022-11-20T03:19:15.184] [WARN] custom - Socket On
[2022-11-20T03:19:19.186] [WARN] custom - Socket On
[2022-11-20T03:19:32.181] [WARN] custom - Socket On
[2022-11-20T03:19:35.966] [WARN] custom - Socket On
[2022-11-20T03:19:37.579] [WARN] custom - Socket On
[2022-11-20T03:19:57.456] [WARN] custom - Socket On
[2022-11-20T03:20:04.452] [WARN] custom - Socket On
[2022-11-20T03:20:22.705] [WARN] custom - Socket On
[2022-11-20T03:20:24.486] [WARN] custom - Socket On
[2022-11-20T03:20:37.683] [WARN] custom - Socket On
[2022-11-20T03:20:49.834] [WARN] custom - Socket On
[2022-11-20T03:23:15.184] [WARN] custom - Socket On
[2022-11-20T03:23:21.187] [WARN] custom - Socket On
[2022-11-20T03:23:29.189] [WARN] custom - Socket On
[2022-11-20T03:23:39.017] [WARN] custom - Socket On
[2022-11-20T03:23:42.193] [WARN] custom - Socket On
[2022-11-20T03:24:00.955] [WARN] custom - Socket On
[2022-11-20T03:24:03.504] [WARN] custom - Socket On
[2022-11-20T03:24:44.188] [WARN] custom - Socket On
[2022-11-20T03:24:46.231] [WARN] custom - Socket On
[2022-11-20T03:24:52.188] [WARN] custom - Socket On
[2022-11-20T03:24:57.702] [WARN] custom - Socket On
[2022-11-20T03:24:59.867] [WARN] custom - Socket On
[2022-11-20T03:25:41.198] [WARN] custom - Socket On
[2022-11-20T03:27:30.187] [WARN] custom - Socket On
[2022-11-20T03:27:54.192] [WARN] custom - Socket On
[2022-11-20T03:28:03.185] [WARN] custom - Socket On
[2022-11-20T03:29:10.749] [WARN] custom - Socket On
[2022-11-20T03:29:21.806] [WARN] custom - Socket On
[2022-11-20T03:31:36.461] [WARN] custom - Socket On
[2022-11-20T03:31:47.394] [WARN] custom - Socket On
[2022-11-20T03:31:49.375] [WARN] custom - Socket On
[2022-11-20T03:32:00.185] [WARN] custom - Socket On
[2022-11-20T03:32:12.193] [WARN] custom - Socket On
[2022-11-20T03:32:15.184] [WARN] custom - Socket On
[2022-11-20T03:32:32.191] [WARN] custom - Socket On
[2022-11-20T03:32:39.187] [WARN] custom - Socket On
[2022-11-20T03:32:43.391] [WARN] custom - Socket On
[2022-11-20T03:33:36.189] [WARN] custom - Socket On
[2022-11-20T03:33:54.192] [WARN] custom - Socket On
[2022-11-20T03:34:13.184] [WARN] custom - Socket On
[2022-11-20T03:35:50.147] [WARN] custom - Socket On
[2022-11-20T03:36:19.194] [WARN] custom - Socket On
[2022-11-20T03:36:37.865] [WARN] custom - Socket On
[2022-11-20T03:38:58.244] [WARN] custom - Socket On
[2022-11-20T03:39:23.917] [WARN] custom - Socket On
[2022-11-20T03:39:25.589] [WARN] custom - Socket On
[2022-11-20T03:40:00.208] [WARN] custom - Socket On
[2022-11-20T03:40:18.187] [WARN] custom - Socket On
[2022-11-20T03:43:26.205] [WARN] custom - Socket On
[2022-11-20T03:43:43.918] [WARN] custom - Socket On
[2022-11-20T03:44:11.559] [WARN] custom - Socket On
[2022-11-20T03:44:16.463] [WARN] custom - Socket On
[2022-11-20T03:44:21.980] [WARN] custom - Socket On
[2022-11-20T03:44:27.970] [WARN] custom - Socket On
[2022-11-20T03:44:47.868] [WARN] custom - Socket On
[2022-11-20T03:44:53.696] [WARN] custom - Socket On
[2022-11-20T03:46:02.705] [WARN] custom - Socket On
[2022-11-20T03:46:13.362] [WARN] custom - Socket On
[2022-11-20T03:46:16.796] [WARN] custom - Socket On
[2022-11-20T03:47:37.190] [WARN] custom - Socket On
[2022-11-20T03:47:40.187] [WARN] custom - Socket On
[2022-11-20T03:47:42.923] [WARN] custom - Socket On
[2022-11-20T03:47:47.579] [WARN] custom - Socket On
[2022-11-20T03:47:51.907] [WARN] custom - Socket On
[2022-11-20T03:49:31.184] [WARN] custom - Socket On
[2022-11-20T03:49:34.458] [WARN] custom - Socket On
[2022-11-20T03:49:40.208] [WARN] custom - Socket On
[2022-11-20T03:49:45.221] [WARN] custom - Socket On
[2022-11-20T03:50:57.450] [WARN] custom - Socket On
[2022-11-20T03:51:02.020] [WARN] custom - Socket On
[2022-11-20T03:51:06.680] [WARN] custom - Socket On
[2022-11-20T03:52:08.183] [WARN] custom - Socket On
[2022-11-20T03:53:59.104] [WARN] custom - Socket On
[2022-11-20T03:54:07.526] [WARN] custom - Socket On
[2022-11-20T03:55:40.354] [WARN] custom - Socket On
[2022-11-20T03:55:45.363] [WARN] custom - Socket On
[2022-11-20T04:01:21.357] [WARN] custom - Socket On
[2022-11-20T04:01:28.513] [WARN] custom - Socket On
[2022-11-20T04:01:48.796] [WARN] custom - Socket On
[2022-11-20T04:01:51.218] [WARN] custom - Socket On
[2022-11-20T04:05:54.191] [WARN] custom - Socket On
[2022-11-20T04:07:07.195] [WARN] custom - Socket On
[2022-11-20T04:07:13.321] [WARN] custom - Socket On
[2022-11-20T04:07:18.223] [WARN] custom - Socket On
[2022-11-20T04:07:27.069] [WARN] custom - Socket On
[2022-11-20T04:07:53.324] [WARN] custom - Socket On
[2022-11-20T04:07:59.007] [WARN] custom - Socket On
[2022-11-20T04:08:02.488] [WARN] custom - Socket On
[2022-11-20T04:08:13.929] [WARN] custom - Socket On
[2022-11-20T04:09:08.592] [WARN] custom - Socket On
[2022-11-20T04:09:40.184] [WARN] custom - Socket On
[2022-11-20T04:09:44.193] [WARN] custom - Socket On
[2022-11-20T04:10:03.196] [WARN] custom - Socket On
[2022-11-20T04:10:06.440] [WARN] custom - Socket On
[2022-11-20T04:10:07.639] [WARN] custom - Socket On
[2022-11-20T04:10:09.409] [WARN] custom - Socket On
[2022-11-20T04:10:19.310] [WARN] custom - Socket On
[2022-11-20T04:11:25.887] [WARN] custom - 24
[2022-11-20T04:11:25.887] [ERROR] custom - 24
[2022-11-20T04:11:29.596] [WARN] custom - Socket On
[2022-11-20T04:11:32.114] [WARN] custom - Socket On
[2022-11-20T04:12:43.449] [WARN] custom - Socket On
[2022-11-20T04:13:03.208] [WARN] custom - Socket On
[2022-11-20T04:13:15.195] [WARN] custom - Socket On
[2022-11-20T04:13:19.181] [WARN] custom - Socket On
[2022-11-20T04:13:26.189] [WARN] custom - Socket On
[2022-11-20T04:13:29.186] [WARN] custom - Socket On
[2022-11-20T04:13:32.189] [WARN] custom - Socket On
[2022-11-20T04:13:34.184] [WARN] custom - Socket On
[2022-11-20T04:13:36.966] [WARN] custom - Socket On
[2022-11-20T04:13:54.202] [WARN] custom - Socket On
[2022-11-20T04:13:56.188] [WARN] custom - Socket On
[2022-11-20T04:14:00.201] [WARN] custom - Socket On
[2022-11-20T04:14:03.192] [WARN] custom - Socket On
[2022-11-20T04:14:06.769] [WARN] custom - Socket On
[2022-11-20T04:14:09.191] [WARN] custom - Socket On
[2022-11-20T04:14:51.226] [WARN] custom - Socket On
[2022-11-20T04:15:17.932] [WARN] custom - Socket On
[2022-11-20T04:17:03.846] [WARN] custom - Socket On
[2022-11-20T04:17:09.442] [WARN] custom - Socket On
[2022-11-20T04:18:00.962] [WARN] custom - Socket On
[2022-11-20T04:18:11.030] [WARN] custom - Socket On
[2022-11-20T04:18:16.440] [WARN] custom - Socket On
[2022-11-20T04:18:27.184] [WARN] custom - Socket On
[2022-11-20T04:18:37.024] [WARN] custom - Socket On
[2022-11-20T04:18:49.525] [WARN] custom - Socket On
[2022-11-20T04:18:52.875] [WARN] custom - Socket On
[2022-11-20T04:18:57.711] [WARN] custom - Socket On
[2022-11-20T04:19:00.856] [WARN] custom - Socket On
[2022-11-20T04:19:05.797] [WARN] custom - Socket On
[2022-11-20T04:21:33.517] [WARN] custom - Socket On
[2022-11-20T04:23:19.994] [WARN] custom - Socket On
[2022-11-20T04:23:27.732] [WARN] custom - Socket On
[2022-11-20T04:23:33.176] [WARN] custom - Socket On
[2022-11-20T04:23:51.905] [WARN] custom - Socket On
[2022-11-20T04:24:38.187] [WARN] custom - Socket On
[2022-11-20T04:24:44.214] [WARN] custom - Socket On
[2022-11-20T04:24:48.371] [WARN] custom - Socket On
[2022-11-20T04:26:38.444] [WARN] custom - Socket On
[2022-11-20T04:26:39.188] [WARN] custom - Socket On
[2022-11-20T04:26:40.690] [WARN] custom - Socket On
[2022-11-20T04:26:41.172] [WARN] custom - Socket On
[2022-11-20T04:26:50.725] [WARN] custom - Socket On
[2022-11-20T04:26:55.158] [WARN] custom - Socket On
[2022-11-20T04:27:26.194] [WARN] custom - Socket On
[2022-11-20T04:27:26.202] [WARN] custom - Socket On
[2022-11-20T04:27:39.193] [WARN] custom - Socket On
[2022-11-20T04:27:39.199] [WARN] custom - Socket On
[2022-11-20T04:31:59.609] [WARN] custom - Socket On
[2022-11-20T04:32:00.180] [WARN] custom - Socket On
[2022-11-20T04:32:02.277] [WARN] custom - Socket On
[2022-11-20T04:32:07.196] [WARN] custom - Socket On
[2022-11-20T04:32:15.165] [WARN] custom - Socket On
[2022-11-20T04:32:18.461] [WARN] custom - Socket On
[2022-11-20T04:32:54.245] [WARN] custom - Socket On
[2022-11-20T04:32:54.255] [WARN] custom - Socket On
[2022-11-20T04:33:07.471] [WARN] custom - Socket On
[2022-11-20T04:33:08.184] [WARN] custom - Socket On
[2022-11-20T04:33:09.459] [WARN] custom - Socket On
[2022-11-20T04:33:12.220] [WARN] custom - Socket On
[2022-11-20T04:33:12.227] [WARN] custom - Socket On
[2022-11-20T04:33:14.185] [WARN] custom - Socket On
[2022-11-20T04:33:15.177] [WARN] custom - Socket On
[2022-11-20T04:33:37.240] [WARN] custom - Socket On
[2022-11-20T04:33:37.246] [WARN] custom - Socket On
[2022-11-20T04:33:41.193] [WARN] custom - Socket On
[2022-11-20T04:33:41.196] [WARN] custom - Socket On
[2022-11-20T04:33:46.197] [WARN] custom - Socket On
[2022-11-20T04:33:46.200] [WARN] custom - Socket On
[2022-11-20T04:33:48.196] [WARN] custom - Socket On
[2022-11-20T04:33:49.955] [WARN] custom - Socket On
[2022-11-20T04:33:50.182] [WARN] custom - Socket On
[2022-11-20T04:33:53.988] [WARN] custom - Socket On
[2022-11-20T04:33:53.998] [WARN] custom - Socket On
[2022-11-20T04:33:57.186] [WARN] custom - Socket On
[2022-11-20T04:33:57.192] [WARN] custom - Socket On
[2022-11-20T04:34:03.183] [WARN] custom - Socket On
[2022-11-20T04:34:03.186] [WARN] custom - Socket On
[2022-11-20T04:34:06.194] [WARN] custom - Socket On
[2022-11-20T04:34:06.197] [WARN] custom - Socket On
[2022-11-20T04:34:10.189] [WARN] custom - Socket On
[2022-11-20T04:34:10.196] [WARN] custom - Socket On
[2022-11-20T04:34:28.087] [WARN] custom - Socket On
[2022-11-20T04:34:36.741] [WARN] custom - Socket On
[2022-11-20T04:35:07.283] [WARN] custom - Socket On
[2022-11-20T04:35:07.290] [WARN] custom - Socket On
[2022-11-20T04:35:11.946] [WARN] custom - Socket On
[2022-11-20T04:35:19.194] [WARN] custom - Socket On
[2022-11-20T04:43:46.191] [WARN] custom - Socket On
[2022-11-20T04:43:46.198] [WARN] custom - Socket On
[2022-11-20T04:43:59.193] [WARN] custom - Socket On
[2022-11-20T04:43:59.199] [WARN] custom - Socket On
[2022-11-20T04:44:02.192] [WARN] custom - Socket On
[2022-11-20T04:44:02.196] [WARN] custom - Socket On
[2022-11-20T04:44:11.183] [WARN] custom - Socket On
[2022-11-20T04:44:11.188] [WARN] custom - Socket On
[2022-11-20T04:45:02.197] [WARN] custom - Socket On
[2022-11-20T04:45:02.205] [WARN] custom - Socket On
[2022-11-20T04:45:08.829] [WARN] custom - Socket On
[2022-11-20T04:45:08.837] [WARN] custom - Socket On
[2022-11-20T04:45:13.446] [WARN] custom - Socket On
[2022-11-20T04:45:13.451] [WARN] custom - Socket On
[2022-11-20T04:45:19.193] [WARN] custom - Socket On
[2022-11-20T04:45:19.200] [WARN] custom - Socket On
[2022-11-20T04:45:21.184] [WARN] custom - Socket On
[2022-11-20T04:45:21.187] [WARN] custom - Socket On
[2022-11-20T04:45:54.185] [WARN] custom - Socket On
[2022-11-20T04:45:54.191] [WARN] custom - Socket On
[2022-11-20T04:45:58.194] [WARN] custom - Socket On
[2022-11-20T04:45:58.199] [WARN] custom - Socket On
[2022-11-20T04:46:00.185] [WARN] custom - Socket On
[2022-11-20T04:46:01.179] [WARN] custom - Socket On
[2022-11-20T04:46:23.712] [WARN] custom - Socket On
[2022-11-20T04:46:23.719] [WARN] custom - Socket On
[2022-11-20T04:46:29.662] [WARN] custom - Socket On
[2022-11-20T04:46:34.589] [WARN] custom - Socket On
[2022-11-20T04:48:27.792] [WARN] custom - Socket On
[2022-11-20T04:48:28.186] [WARN] custom - Socket On
[2022-11-20T04:48:32.493] [WARN] custom - Socket On
[2022-11-20T04:48:35.439] [WARN] custom - Socket On
[2022-11-20T04:53:04.816] [WARN] custom - Socket On
[2022-11-20T04:53:04.820] [WARN] custom - Socket On
[2022-11-20T04:53:40.188] [WARN] custom - Socket On
[2022-11-20T04:53:40.195] [WARN] custom - Socket On
[2022-11-20T04:53:48.185] [WARN] custom - Socket On
[2022-11-20T04:53:48.190] [WARN] custom - Socket On
[2022-11-20T04:54:20.985] [WARN] custom - Socket On
[2022-11-20T04:54:30.216] [WARN] custom - Socket On
[2022-11-20T04:54:34.287] [WARN] custom - Socket On
[2022-11-20T04:58:09.608] [WARN] custom - Socket On
[2022-11-20T04:58:10.180] [WARN] custom - Socket On
[2022-11-20T04:58:14.240] [WARN] custom - Socket On
[2022-11-20T04:58:23.954] [WARN] custom - Socket On
[2022-11-20T04:59:00.187] [WARN] custom - Socket On
[2022-11-20T04:59:01.187] [WARN] custom - Socket On
[2022-11-20T05:00:47.196] [WARN] custom - Socket On
[2022-11-20T05:00:47.200] [WARN] custom - Socket On
[2022-11-20T05:01:58.259] [WARN] custom - Socket On
[2022-11-20T05:01:58.267] [WARN] custom - Socket On
[2022-11-20T05:02:12.697] [WARN] custom - Socket On
[2022-11-20T05:02:13.185] [WARN] custom - Socket On
[2022-11-20T05:02:18.231] [WARN] custom - Socket On
[2022-11-20T05:02:18.237] [WARN] custom - Socket On
[2022-11-20T05:02:29.189] [WARN] custom - Socket On
[2022-11-20T05:02:29.191] [WARN] custom - Socket On
[2022-11-20T05:02:43.956] [WARN] custom - Socket On
[2022-11-20T05:02:46.706] [WARN] custom - Socket On
[2022-11-20T05:04:16.198] [WARN] custom - Socket On
[2022-11-20T05:04:20.195] [WARN] custom - Socket On
[2022-11-20T05:04:24.195] [WARN] custom - Socket On
[2022-11-20T05:04:28.433] [WARN] custom - Socket On
[2022-11-20T05:04:31.200] [WARN] custom - Socket On
[2022-11-20T05:04:34.188] [WARN] custom - Socket On
[2022-11-20T05:04:41.973] [WARN] custom - Socket On
[2022-11-20T05:04:45.084] [WARN] custom - Socket On
[2022-11-20T05:04:49.799] [WARN] custom - Socket On
[2022-11-20T05:07:37.183] [WARN] custom - Socket On
[2022-11-20T05:07:37.189] [WARN] custom - Socket On
[2022-11-20T05:07:40.183] [WARN] custom - Socket On
[2022-11-20T05:07:40.189] [WARN] custom - Socket On
[2022-11-20T05:07:43.469] [WARN] custom - Socket On
[2022-11-20T05:07:44.176] [WARN] custom - Socket On
[2022-11-20T05:08:43.460] [WARN] custom - Socket On
[2022-11-20T05:08:43.467] [WARN] custom - Socket On
[2022-11-20T05:08:50.857] [WARN] custom - Socket On
[2022-11-20T05:09:42.180] [WARN] custom - Socket On
[2022-11-20T05:09:45.449] [WARN] custom - Socket On
[2022-11-20T05:10:48.503] [WARN] custom - Socket On
[2022-11-20T05:10:50.516] [WARN] custom - Socket On
[2022-11-20T05:11:53.698] [WARN] custom - Socket On
[2022-11-20T05:12:04.189] [WARN] custom - Socket On
[2022-11-20T05:14:19.694] [WARN] custom - Socket On
[2022-11-20T05:14:24.672] [WARN] custom - Socket On
[2022-11-20T05:14:31.332] [WARN] custom - Socket On
[2022-11-20T05:14:52.193] [WARN] custom - Socket On
[2022-11-20T05:14:52.200] [WARN] custom - Socket On
[2022-11-20T05:14:56.595] [WARN] custom - Socket On
[2022-11-20T05:15:00.918] [WARN] custom - Socket On
[2022-11-20T05:15:08.417] [WARN] custom - Socket On
[2022-11-20T05:15:08.421] [WARN] custom - Socket On
[2022-11-20T05:15:13.495] [WARN] custom - Socket On
[2022-11-20T05:15:19.978] [WARN] custom - Socket On
[2022-11-20T05:15:24.867] [WARN] custom - Socket On
[2022-11-20T05:15:28.058] [WARN] custom - Socket On
[2022-11-20T05:15:47.043] [WARN] custom - Socket On
[2022-11-20T05:15:49.888] [WARN] custom - Socket On
[2022-11-20T05:16:06.199] [WARN] custom - Socket On
[2022-11-20T05:16:06.214] [WARN] custom - Socket On
[2022-11-20T05:16:54.175] [WARN] custom - Socket On
[2022-11-20T05:16:57.202] [WARN] custom - Socket On
[2022-11-20T05:17:02.250] [WARN] custom - Socket On
[2022-11-20T05:17:04.627] [WARN] custom - Socket On
[2022-11-20T05:17:12.051] [WARN] custom - Socket On
[2022-11-20T05:17:15.201] [WARN] custom - Socket On
[2022-11-20T05:17:48.193] [WARN] custom - Socket On
[2022-11-20T05:17:48.199] [WARN] custom - Socket On
[2022-11-20T05:17:50.197] [WARN] custom - Socket On
[2022-11-20T05:17:50.200] [WARN] custom - Socket On
[2022-11-20T05:17:57.193] [WARN] custom - Socket On
[2022-11-20T05:17:57.196] [WARN] custom - Socket On
[2022-11-20T05:17:59.918] [WARN] custom - Socket On
[2022-11-20T05:18:00.179] [WARN] custom - Socket On
[2022-11-20T05:18:03.692] [WARN] custom - Socket On
[2022-11-20T05:18:09.286] [WARN] custom - Socket On
[2022-11-21T08:13:04.790] [WARN] custom - Socket On
